2023-02-16T20:07:11.947386+0300 INFO Error: 5
2023-02-16T20:16:47.244763+0300 INFO Error: 5
2023-02-16T20:24:59.128926+0300 INFO Error: 5
2023-02-16T20:46:44.354507+0300 INFO Error: 5
2023-02-16T22:32:23.770494+0300 INFO Get info all albums user id:1
2023-02-16T22:32:53.754296+0300 INFO Photo upload in ya_disc
2023-02-16T22:32:53.755303+0300 INFO Create file VK.json
2023-02-17T00:04:40.735132+0300 INFO Get info all albums user id:51542464
2023-02-17T00:05:21.087381+0300 INFO Photo upload in ya_disc
2023-02-17T00:05:21.088385+0300 INFO Create file vk photos.json
2023-02-17T00:07:58.706035+0300 INFO Get info all albums user id:51542464
2023-02-17T00:08:29.660198+0300 INFO Photo upload in ya_disc
2023-02-17T00:08:29.663210+0300 INFO Create file vk study.json
2023-02-17T00:12:25.550596+0300 INFO Error: 15
2023-02-17T00:12:41.299945+0300 INFO Error: 15
2023-02-17T00:27:20.852752+0300 INFO Error: 15
2023-02-17T00:28:17.268586+0300 INFO Get info all albums user id:51542464
2023-02-17T00:28:41.258895+0300 INFO Photo upload in ya_disc
2023-02-17T00:28:41.259901+0300 INFO Create file rgrd.json
2023-02-17T00:30:32.070188+0300 INFO Get info all albums user id:51542474
2023-02-17T00:30:32.070188+0300 INFO Error: not data in albums
2023-02-17T00:36:25.253770+0300 INFO Error: 15
2023-02-17T00:37:24.011275+0300 INFO Error: 100
2023-02-17T00:37:34.057481+0300 INFO Error: 15
2023-02-17T00:48:11.974223+0300 INFO Error: 15
2023-02-17T12:54:05.202537+0300 INFO Error: 15
2023-02-17T12:55:31.617352+0300 INFO Get info all albums user id:1
2023-02-17T12:56:09.826107+0300 INFO Photo upload in ya_disc
2023-02-17T12:56:09.827112+0300 INFO Create file durov photo.json
2023-02-17T13:07:32.443343+0300 INFO Get info all albums user id:51542464
2023-02-17T13:07:56.056442+0300 INFO Photo upload in ya_disc
2023-02-17T13:07:56.057447+0300 INFO Create file noname.json
2023-02-17T13:24:26.230417+0300 INFO Error: 15
2023-02-17T15:22:38.814851+0300 INFO Error: 15
2023-02-17T15:37:50.132402+0300 INFO Error: 15
2023-02-17T15:38:05.914100+0300 INFO Error: 15
2023-02-17T15:42:56.477493+0300 INFO Error: 15
2023-02-17T15:46:50.554022+0300 INFO Error: 15
2023-02-17T19:45:41.332046+0300 INFO Error: 15
2023-02-17T19:51:10.762562+0300 INFO Error: 15
2023-02-17T19:51:14.779713+0300 INFO Error: 15
2023-02-17T19:54:05.757422+0300 INFO Error: 15
